Flutter crash report.
Please report a bug at https://github.com/flutter/flutter/issues.

## command

flutter run --machine --start-paused -d RZ8N91QET8J --devtools-server-address http://127.0.0.1:9103/ --target lib/main.dart

## exception

XmlTagException: XmlTagException: Missing </manifest> at 39:1

```
#0      XmlAnnotator.close (package:xml/src/xml_events/annotations/annotator.dart:103:7)
#1      XmlEventIterator.moveNext (package:xml/src/xml_events/iterator.dart:47:20)
#2      Iterable.forEach (dart:core/iterable.dart:325:23)
#3      XmlNodeDecoder.convertIterable (package:xml/src/xml_events/converters/node_decoder.dart:53:12)
#4      new XmlDocument.parse (package:xml/src/xml/nodes/document.dart:34:41)
#5      AndroidProject.computeEmbeddingVersion (package:flutter_tools/src/project.dart:649:30)
#6      AndroidProject.checkForDeprecation (package:flutter_tools/src/project.dart:592:50)
#7      FlutterProject.checkForDeprecation (package:flutter_tools/src/project.dart:381:15)
#8      FlutterCommand.verifyThenRunCommand (package:flutter_tools/src/runner/flutter_command.dart:1319:13)
<asynchronous suspension>
#9      FlutterCommand.run.<anonymous closure> (package:flutter_tools/src/runner/flutter_command.dart:1195:27)
<asynchronous suspension>
#10     AppContext.run.<anonymous closure> (package:flutter_tools/src/base/context.dart:150:19)
<asynchronous suspension>
#11     CommandRunner.runCommand (package:args/command_runner.dart:209:13)
<asynchronous suspension>
#12     FlutterCommandRunner.runCommand.<anonymous closure> (package:flutter_tools/src/runner/flutter_command_runner.dart:281:9)
<asynchronous suspension>
#13     AppContext.run.<anonymous closure> (package:flutter_tools/src/base/context.dart:150:19)
<asynchronous suspension>
#14     FlutterCommandRunner.runCommand (package:flutter_tools/src/runner/flutter_command_runner.dart:229:5)
<asynchronous suspension>
#15     run.<anonymous closure>.<anonymous closure> (package:flutter_tools/runner.dart:62:9)
<asynchronous suspension>
#16     AppContext.run.<anonymous closure> (package:flutter_tools/src/base/context.dart:150:19)
<asynchronous suspension>
#17     main (package:flutter_tools/executable.dart:94:3)
<asynchronous suspension>
```

## flutter doctor

```
[✓] Flutter (Channel dev, 3.1.0-9.0.pre, on macOS 11.6.5 20G527 darwin-x64, locale en-GB)
    • Flutter version 3.1.0-9.0.pre at /Users/ayush/Downloads/flutter 2.8
    • Upstream repository https://github.com/flutter/flutter.git
    • Framework revision f28e570c8c (4 months ago), 2022-06-14 13:39:33 -0500
    • Engine revision 74ee6b5afd
    • Dart version 2.18.0 (build 2.18.0-165.1.beta)
    • DevTools version 2.14.0

[✓] Android toolchain - develop for Android devices (Android SDK version 32.1.0-rc1)
    • Android SDK at /Users/ayush/Library/Android/sdk
    • Platform android-33, build-tools 32.1.0-rc1
    • Java binary at: /Applications/Android Studio.app/Contents/jre/Contents/Home/bin/java
    • Java version OpenJDK Runtime Environment (build 11.0.13+0-b1751.21-8125866)
    • All Android licenses accepted.

[✓] Xcode - develop for iOS and macOS (Xcode 13.2.1)
    • Xcode at /Applications/Xcode.app/Contents/Developer
    • CocoaPods version 1.11.3

[✓] Chrome - develop for the web
    • Chrome at /Applications/Google Chrome.app/Contents/MacOS/Google Chrome

[✓] Android Studio (version 2021.3)
    • Android Studio at /Applications/Android Studio.app/Contents
    • Flutter plugin can be installed from:
      🔨 https://plugins.jetbrains.com/plugin/9212-flutter
    • Dart plugin can be installed from:
      🔨 https://plugins.jetbrains.com/plugin/6351-dart
    • Java version OpenJDK Runtime Environment (build 11.0.13+0-b1751.21-8125866)

[✓] VS Code (version 1.71.2)
    • VS Code at /Applications/Visual Studio Code.app/Contents
    • Flutter extension version 3.50.0

[✓] Connected device (3 available)
    • SM M515F (mobile) • RZ8N91QET8J • android-arm64  • Android 12 (API 31)
    • macOS (desktop)   • macos       • darwin-x64     • macOS 11.6.5 20G527 darwin-x64
    • Chrome (web)      • chrome      • web-javascript • Google Chrome 106.0.5249.119

[✓] HTTP Host Availability
    • All required HTTP hosts are available

• No issues found!
```
